# JRE version: Java(TM) SE Runtime Environment (8.0_261-b12) (build 1.8.0_261-b12)
# Java VM: Java HotSpot(TM) 64-Bit Server VM (25.261-b12 mixed mode windows-amd64 compressed oops)
Heap:
 PSYoungGen      total 281088K, used 207294K [0x00000000eab00000, 0x00000000fd000000, 0x0000000100000000)
  eden space 262144K, 79% used [0x00000000eab00000,0x00000000f756fb08,0x00000000fab00000)
  from space 18944K, 0% used [0x00000000fbd80000,0x00000000fbd80000,0x00000000fd000000)
  to   space 18944K, 0% used [0x00000000fab00000,0x00000000fab00000,0x00000000fbd80000)
 ParOldGen       total 86016K, used 55303K [0x00000000c0000000, 0x00000000c5400000, 0x00000000eab00000)
  object space 86016K, 64% used [0x00000000c0000000,0x00000000c3601c00,0x00000000c5400000)
 Metaspace       used 13777K, capacity 14440K, committed 14592K, reserved 1060864K
  class space    used 2082K, capacity 2249K, committed 2304K, reserved 1048576K
GC Heap History (10 events):
Event: 8.311 GC heap before
{Heap before GC invocations=27 (full 11):
 PSYoungGen      total 136192K, used 131072K [0x00000000eab00000, 0x00000000fb500000, 0x0000000100000000)
  eden space 131072K, 100% used [0x00000000eab00000,0x00000000f2b00000,0x00000000f2b00000)
  from space 5120K, 0% used [0x00000000f2b00000,0x00000000f2b00000,0x00000000f3000000)
  to   space 5120K, 0% used [0x00000000fb000000,0x00000000fb000000,0x00000000fb500000)
 ParOldGen       total 86016K, used 39417K [0x00000000c0000000, 0x00000000c5400000, 0x00000000eab00000)
  object space 86016K, 45% used [0x00000000c0000000,0x00000000c267e438,0x00000000c5400000)
 Metaspace       used 13519K, capacity 14178K, committed 14336K, reserved 1060864K
  class space    used 2048K, capacity 2209K, committed 2304K, reserved 1048576K
Event: 8.348 GC heap after
Heap after GC invocations=27 (full 11):
 PSYoungGen      total 251904K, used 5120K [0x00000000eab00000, 0x00000000fd300000, 0x0000000100000000)
  eden space 246784K, 0% used [0x00000000eab00000,0x00000000eab00000,0x00000000f9c00000)
  from space 5120K, 100% used [0x00000000fb000000,0x00000000fb500000,0x00000000fb500000)
  to   space 20480K, 0% used [0x00000000f9c00000,0x00000000f9c00000,0x00000000fb000000)
 ParOldGen       total 86016K, used 50590K [0x00000000c0000000, 0x00000000c5400000, 0x00000000eab00000)
  object space 86016K, 58% used [0x00000000c0000000,0x00000000c3167930,0x00000000c5400000)
 Metaspace       used 13519K, capacity 14178K, committed 14336K, reserved 1060864K
  class space    used 2048K, capacity 2209K, committed 2304K, reserved 1048576K
}
Event: 8.380 GC heap before
{Heap before GC invocations=28 (full 11):
 PSYoungGen      total 251904K, used 24927K [0x00000000eab00000, 0x00000000fd300000, 0x0000000100000000)
  eden space 246784K, 8% used [0x00000000eab00000,0x00000000ebe57d28,0x00000000f9c00000)
  from space 5120K, 100% used [0x00000000fb000000,0x00000000fb500000,0x00000000fb500000)
  to   space 20480K, 0% used [0x00000000f9c00000,0x00000000f9c00000,0x00000000fb000000)
 ParOldGen       total 86016K, used 50590K [0x00000000c0000000, 0x00000000c5400000, 0x00000000eab00000)
  object space 86016K, 58% used [0x00000000c0000000,0x00000000c3167930,0x00000000c5400000)
 Metaspace       used 13527K, capacity 14186K, committed 14336K, reserved 1060864K
  class space    used 2051K, capacity 2212K, committed 2304K, reserved 1048576K
Event: 8.402 GC heap after
Heap after GC invocations=28 (full 11):
 PSYoungGen      total 267264K, used 7232K [0x00000000eab00000, 0x00000000fd000000, 0x0000000100000000)
  eden space 246784K, 0% used [0x00000000eab00000,0x00000000eab00000,0x00000000f9c00000)
  from space 20480K, 35% used [0x00000000f9c00000,0x00000000fa310000,0x00000000fb000000)
  to   space 18944K, 0% used [0x00000000fbd80000,0x00000000fbd80000,0x00000000fd000000)
 ParOldGen       total 86016K, used 50590K [0x00000000c0000000, 0x00000000c5400000, 0x00000000eab00000)
  object space 86016K, 58% used [0x00000000c0000000,0x00000000c3167930,0x00000000c5400000)
 Metaspace       used 13527K, capacity 14186K, committed 14336K, reserved 1060864K
  class space    used 2051K, capacity 2212K, committed 2304K, reserved 1048576K
}
Event: 8.402 GC heap before
{Heap before GC invocations=29 (full 12):
 PSYoungGen      total 267264K, used 7232K [0x00000000eab00000, 0x00000000fd000000, 0x0000000100000000)
  eden space 246784K, 0% used [0x00000000eab00000,0x00000000eab00000,0x00000000f9c00000)
  from space 20480K, 35% used [0x00000000f9c00000,0x00000000fa310000,0x00000000fb000000)
  to   space 18944K, 0% used [0x00000000fbd80000,0x00000000fbd80000,0x00000000fd000000)
 ParOldGen       total 86016K, used 50590K [0x00000000c0000000, 0x00000000c5400000, 0x00000000eab00000)
  object space 86016K, 58% used [0x00000000c0000000,0x00000000c3167930,0x00000000c5400000)
 Metaspace       used 13527K, capacity 14186K, committed 14336K, reserved 1060864K
  class space    used 2051K, capacity 2212K, committed 2304K, reserved 1048576K
Event: 8.697 GC heap after
Heap after GC invocations=29 (full 12):
 PSYoungGen      total 267264K, used 0K [0x00000000eab00000, 0x00000000fd000000, 0x0000000100000000)
  eden space 246784K, 0% used [0x00000000eab00000,0x00000000eab00000,0x00000000f9c00000)
  from space 20480K, 0% used [0x00000000f9c00000,0x00000000f9c00000,0x00000000fb000000)
  to   space 18944K, 0% used [0x00000000fbd80000,0x00000000fbd80000,0x00000000fd000000)
 ParOldGen       total 86016K, used 57375K [0x00000000c0000000, 0x00000000c5400000, 0x00000000eab00000)
  object space 86016K, 66% used [0x00000000c0000000,0x00000000c3807fb8,0x00000000c5400000)
 Metaspace       used 13527K, capacity 14186K, committed 14336K, reserved 1060864K
  class space    used 2051K, capacity 2212K, committed 2304K, reserved 1048576K
}
Event: 8.727 GC heap before
{Heap before GC invocations=30 (full 12):
 PSYoungGen      total 267264K, used 19807K [0x00000000eab00000, 0x00000000fd000000, 0x0000000100000000)
  eden space 246784K, 8% used [0x00000000eab00000,0x00000000ebe57ca0,0x00000000f9c00000)
  from space 20480K, 0% used [0x00000000f9c00000,0x00000000f9c00000,0x00000000fb000000)
  to   space 18944K, 0% used [0x00000000fbd80000,0x00000000fbd80000,0x00000000fd000000)
 ParOldGen       total 86016K, used 57375K [0x00000000c0000000, 0x00000000c5400000, 0x00000000eab00000)
  object space 86016K, 66% used [0x00000000c0000000,0x00000000c3807fb8,0x00000000c5400000)
 Metaspace       used 13528K, capacity 14186K, committed 14336K, reserved 1060864K
  class space    used 2051K, capacity 2212K, committed 2304K, reserved 1048576K
Event: 8.735 GC heap after
Heap after GC invocations=30 (full 12):
 PSYoungGen      total 281088K, used 2816K [0x00000000eab00000, 0x00000000fd000000, 0x0000000100000000)
  eden space 262144K, 0% used [0x00000000eab00000,0x00000000eab00000,0x00000000fab00000)
  from space 18944K, 14% used [0x00000000fbd80000,0x00000000fc040000,0x00000000fd000000)
  to   space 18944K, 0% used [0x00000000fab00000,0x00000000fab00000,0x00000000fbd80000)
 ParOldGen       total 86016K, used 57375K [0x00000000c0000000, 0x00000000c5400000, 0x00000000eab00000)
  object space 86016K, 66% used [0x00000000c0000000,0x00000000c3807fb8,0x00000000c5400000)
 Metaspace       used 13528K, capacity 14186K, committed 14336K, reserved 1060864K
  class space    used 2051K, capacity 2212K, committed 2304K, reserved 1048576K
}
Event: 8.735 GC heap before
{Heap before GC invocations=31 (full 13):
 PSYoungGen      total 281088K, used 2816K [0x00000000eab00000, 0x00000000fd000000, 0x0000000100000000)
  eden space 262144K, 0% used [0x00000000eab00000,0x00000000eab00000,0x00000000fab00000)
  from space 18944K, 14% used [0x00000000fbd80000,0x00000000fc040000,0x00000000fd000000)
  to   space 18944K, 0% used [0x00000000fab00000,0x00000000fab00000,0x00000000fbd80000)
 ParOldGen       total 86016K, used 57375K [0x00000000c0000000, 0x00000000c5400000, 0x00000000eab00000)
  object space 86016K, 66% used [0x00000000c0000000,0x00000000c3807fb8,0x00000000c5400000)
 Metaspace       used 13528K, capacity 14186K, committed 14336K, reserved 1060864K
  class space    used 2051K, capacity 2212K, committed 2304K, reserved 1048576K
Event: 8.926 GC heap after
Heap after GC invocations=31 (full 13):
 PSYoungGen      total 281088K, used 0K [0x00000000eab00000, 0x00000000fd000000, 0x0000000100000000)
  eden space 262144K, 0% used [0x00000000eab00000,0x00000000eab00000,0x00000000fab00000)
  from space 18944K, 0% used [0x00000000fbd80000,0x00000000fbd80000,0x00000000fd000000)
  to   space 18944K, 0% used [0x00000000fab00000,0x00000000fab00000,0x00000000fbd80000)
 ParOldGen       total 86016K, used 55303K [0x00000000c0000000, 0x00000000c5400000, 0x00000000eab00000)
  object space 86016K, 64% used [0x00000000c0000000,0x00000000c3601c00,0x00000000c5400000)
 Metaspace       used 13528K, capacity 14186K, committed 14336K, reserved 1060864K
  class space    used 2051K, capacity 2212K, committed 2304K, reserved 1048576K
}

